<?xml version="1.0" encoding="UTF-8"?>
<testsuite xmlns:xsi="http://www.w3.org/2001/XMLSchema-instance" xsi:noNamespaceSchemaLocation="https://maven.apache.org/surefire/maven-surefire-plugin/xsd/surefire-test-report.xsd" name="TestSuite" time="26.408" tests="5" errors="0" skipped="0" failures="5">
  <properties>
[...]
</properties>
  <testcase name="feature" classname="upskill.runners.RunnerClass" time="9.671">
    <failure message="java.lang.ExceptionInInitializerError" type="cucumber.runtime.CucumberException">cucumber.runtime.CucumberException: java.lang.ExceptionInInitializerError
Caused by: java.lang.ExceptionInInitializerError
Caused by: java.lang.reflect.InaccessibleObjectException: Unable to make field private final java.util.Comparator java.util.TreeMap.comparator accessible: module java.base does not "opens java.util" to unnamed module @2a40cd94
</failure>
    <system-out><![CDATA[@regression @smoke @us-246
Feature: Ebay Brand Outline
  
  Description: User should able to filter items by Brand

  Scenario Outline: Filter items by Brand            # EbayBrandOutline.feature:9
    Given Search for "<Items>"
    When Filter by "<Brand>"
    Then Item list should have products of "<Brand>"

    Examples: 
--->>>> Initializing Driver....
Test Scenario Name : Filter items by Brand

  Background:                # EbayBrandOutline.feature:6
    Given Open Ebay Homepage # EbayHomePageSteps.open_Ebay_Homepage()
      java.lang.ExceptionInInitializerError
      	at cucumber.deps.com.thoughtworks.xstream.XStream.setupConverters(XStream.java:820)
      	at cucumber.deps.com.thoughtworks.xstream.XStream.<init>(XStream.java:574)
      	at cucumber.deps.com.thoughtworks.xstream.XStream.<init>(XStream.java:530)
      	at cucumber.runtime.xstream.LocalizedXStreams$LocalizedXStream.<init>(LocalizedXStreams.java:50)
      	at cucumber.runtime.xstream.LocalizedXStreams.newXStream(LocalizedXStreams.java:37)
      	at cucumber.runtime.xstream.LocalizedXStreams.get(LocalizedXStreams.java:29)
      	at cucumber.runtime.StepDefinitionMatch.runStep(StepDefinitionMatch.java:37)
      	at cucumber.runtime.Runtime.runStep(Runtime.java:299)
      	at cucumber.runtime.model.StepContainer.runStep(StepContainer.java:44)
      	at cucumber.runtime.model.StepContainer.runSteps(StepContainer.java:39)
      	at cucumber.runtime.model.CucumberScenario.runBackground(CucumberScenario.java:59)
      	at cucumber.runtime.model.CucumberScenario.run(CucumberScenario.java:42)
      	at cucumber.runtime.model.CucumberScenarioOutline.run(CucumberScenarioOutline.java:46)
      	at cucumber.runtime.model.CucumberFeature.run(CucumberFeature.java:165)
      	at cucumber.api.testng.TestNGCucumberRunner.runCucumber(TestNGCucumberRunner.java:63)
      	at cucumber.api.testng.AbstractTestNGCucumberTests.feature(AbstractTestNGCucumberTests.java:21)
      	at java.base/jdk.internal.reflect.NativeMethodAccessorImpl.invoke0(Native Method)
      	at java.base/jdk.internal.reflect.NativeMethodAccessorImpl.invoke(NativeMethodAccessorImpl.java:77)
      	at java.base/jdk.internal.reflect.DelegatingMethodAccessorImpl.invoke(DelegatingMethodAccessorImpl.java:43)
      	at java.base/java.lang.reflect.Method.invoke(Method.java:568)
      	at org.testng.internal.MethodInvocationHelper.invokeMethod(MethodInvocationHelper.java:80)
      	at org.testng.internal.Invoker.invokeMethod(Invoker.java:714)
      	at org.testng.internal.Invoker.invokeTestMethod(Invoker.java:901)
      	at org.testng.internal.Invoker.invokeTestMethods(Invoker.java:1231)
      	at org.testng.internal.TestMethodWorker.invokeTestMethods(TestMethodWorker.java:127)
      	at org.testng.internal.TestMethodWorker.run(TestMethodWorker.java:111)
      	at org.testng.TestRunner.privateRun(TestRunner.java:767)
      	at org.testng.TestRunner.run(TestRunner.java:617)
      	at org.testng.SuiteRunner.runTest(SuiteRunner.java:334)
      	at org.testng.SuiteRunner.runSequentially(SuiteRunner.java:329)
      	at org.testng.SuiteRunner.privateRun(SuiteRunner.java:291)
      	at org.testng.SuiteRunner.run(SuiteRunner.java:240)
      	at org.testng.SuiteRunnerWorker.runSuite(SuiteRunnerWorker.java:52)
      	at org.testng.SuiteRunnerWorker.run(SuiteRunnerWorker.java:86)
      	at org.testng.TestNG.runSuitesSequentially(TestNG.java:1198)
      	at org.testng.TestNG.runSuitesLocally(TestNG.java:1123)
      	at org.testng.TestNG.run(TestNG.java:1031)
      	at org.apache.maven.surefire.testng.TestNGExecutor.run(TestNGExecutor.java:283)
      	at org.apache.maven.surefire.testng.TestNGXmlTestSuite.execute(TestNGXmlTestSuite.java:75)
      	at org.apache.maven.surefire.testng.TestNGProvider.invoke(TestNGProvider.java:120)
      	at org.apache.maven.surefire.booter.ForkedBooter.invokeProviderInSameClassLoader(ForkedBooter.java:379)
      	at org.apache.maven.surefire.booter.ForkedBooter.runSuitesInProcess(ForkedBooter.java:340)
      	at org.apache.maven.surefire.booter.ForkedBooter.execute(ForkedBooter.java:125)
      	at org.apache.maven.surefire.booter.ForkedBooter.main(ForkedBooter.java:413)
      	at ?.Given Open Ebay Homepage(EbayBrandOutline.feature:7)
      Caused by: java.lang.reflect.InaccessibleObjectException: Unable to make field private final java.util.Comparator java.util.TreeMap.comparator accessible: module java.base does not "opens java.util" to unnamed module @2a40cd94
      	at java.base/java.lang.reflect.AccessibleObject.checkCanSetAccessible(AccessibleObject.java:354)
      	at java.base/java.lang.reflect.AccessibleObject.checkCanSetAccessible(AccessibleObject.java:297)
      	at java.base/java.lang.reflect.Field.checkCanSetAccessible(Field.java:178)
      	at java.base/java.lang.reflect.Field.setAccessible(Field.java:172)
      	at cucumber.deps.com.thoughtworks.xstream.core.util.Fields.locate(Fields.java:39)
      	at cucumber.deps.com.thoughtworks.xstream.converters.collections.TreeMapConverter.<clinit>(TreeMapConverter.java:50)
      	at cucumber.deps.com.thoughtworks.xstream.XStream.setupConverters(XStream.java:820)
      	at cucumber.deps.com.thoughtworks.xstream.XStream.<init>(XStream.java:574)
      	at cucumber.deps.com.thoughtworks.xstream.XStream.<init>(XStream.java:530)
      	at cucumber.runtime.xstream.LocalizedXStreams$LocalizedXStream.<init>(LocalizedXStreams.java:50)
      	at cucumber.runtime.xstream.LocalizedXStreams.newXStream(LocalizedXStreams.java:37)
      	at cucumber.runtime.xstream.LocalizedXStreams.get(LocalizedXStreams.java:29)
      	at cucumber.runtime.StepDefinitionMatch.runStep(StepDefinitionMatch.java:37)
      	at cucumber.runtime.Runtime.runStep(Runtime.java:299)
      	at cucumber.runtime.model.StepContainer.runStep(StepContainer.java:44)
      	at cucumber.runtime.model.StepContainer.runSteps(StepContainer.java:39)
      	at cucumber.runtime.model.CucumberScenario.runBackground(CucumberScenario.java:59)
      	at cucumber.runtime.model.CucumberScenario.run(CucumberScenario.java:42)
      	at cucumber.runtime.model.CucumberScenarioOutline.run(CucumberScenarioOutline.java:46)
      	at cucumber.runtime.model.CucumberFeature.run(CucumberFeature.java:165)
      	at cucumber.api.testng.TestNGCucumberRunner.runCucumber(TestNGCucumberRunner.java:63)
      	at cucumber.api.testng.AbstractTestNGCucumberTests.feature(AbstractTestNGCucumberTests.java:21)
      	at java.base/jdk.internal.reflect.NativeMethodAccessorImpl.invoke0(Native Method)
      	at java.base/jdk.internal.reflect.NativeMethodAccessorImpl.invoke(NativeMethodAccessorImpl.java:77)
      	at java.base/jdk.internal.reflect.DelegatingMethodAccessorImpl.invoke(DelegatingMethodAccessorImpl.java:43)
      	at java.base/java.lang.reflect.Method.invoke(Method.java:568)
      	at org.testng.internal.MethodInvocationHelper.invokeMethod(MethodInvocationHelper.java:80)
      	at org.testng.internal.Invoker.invokeMethod(Invoker.java:714)
      	at org.testng.internal.Invoker.invokeTestMethod(Invoker.java:901)
      	at org.testng.internal.Invoker.invokeTestMethods(Invoker.java:1231)
      	at org.testng.internal.TestMethodWorker.invokeTestMethods(TestMethodWorker.java:127)
      	at org.testng.internal.TestMethodWorker.run(TestMethodWorker.java:111)
      	at org.testng.TestRunner.privateRun(TestRunner.java:767)
      	at org.testng.TestRunner.run(TestRunner.java:617)
      	at org.testng.SuiteRunner.runTest(SuiteRunner.java:334)
      	at org.testng.SuiteRunner.runSequentially(SuiteRunner.java:329)
      	at org.testng.SuiteRunner.privateRun(SuiteRunner.java:291)
      	at org.testng.SuiteRunner.run(SuiteRunner.java:240)
      	at org.testng.SuiteRunnerWorker.runSuite(SuiteRunnerWorker.java:52)
      	at org.testng.SuiteRunnerWorker.run(SuiteRunnerWorker.java:86)
      	at org.testng.TestNG.runSuitesSequentially(TestNG.java:1198)
      	at org.testng.TestNG.runSuitesLocally(TestNG.java:1123)
      	at org.testng.TestNG.run(TestNG.java:1031)
      	at org.apache.maven.surefire.testng.TestNGExecutor.run(TestNGExecutor.java:283)
      	at org.apache.maven.surefire.testng.TestNGXmlTestSuite.execute(TestNGXmlTestSuite.java:75)
      	at org.apache.maven.surefire.testng.TestNGProvider.invoke(TestNGProvider.java:120)
      	at org.apache.maven.surefire.booter.ForkedBooter.invokeProviderInSameClassLoader(ForkedBooter.java:379)
      	at org.apache.maven.surefire.booter.ForkedBooter.runSuitesInProcess(ForkedBooter.java:340)
      	at org.apache.maven.surefire.booter.ForkedBooter.execute(ForkedBooter.java:125)
      	at org.apache.maven.surefire.booter.ForkedBooter.main(ForkedBooter.java:413)

>>>>>>>> Screenshot Taken >>>>>>>>
 ------Test Complete, Browser Closed 
--->>>> Initializing Driver....
Test Scenario Name : Filter items by Brand

  @smoke @regression @us-246
  Scenario Outline: Filter items by Brand         # EbayBrandOutline.feature:16
    Given Search for "Shoes"                      # EbayHomePageSteps.search_for(String)
    When Filter by "Nike"                         # EbaySearchResultSteps.filter_by(String)
    Then Item list should have products of "Nike" # EbaySearchResultSteps.item_list_should_have_products_of(String)

  Background:                # EbayBrandOutline.feature:6
    Given Open Ebay Homepage # EbayHomePageSteps.open_Ebay_Homepage()
      java.lang.NoClassDefFoundError: Could not initialize class cucumber.deps.com.thoughtworks.xstream.converters.collections.TreeMapConverter
      	at cucumber.deps.com.thoughtworks.xstream.XStream.setupConverters(XStream.java:820)
      	at cucumber.deps.com.thoughtworks.xstream.XStream.<init>(XStream.java:574)
      	at cucumber.deps.com.thoughtworks.xstream.XStream.<init>(XStream.java:530)
      	at cucumber.runtime.xstream.LocalizedXStreams$LocalizedXStream.<init>(LocalizedXStreams.java:50)
      	at cucumber.runtime.xstream.LocalizedXStreams.newXStream(LocalizedXStreams.java:37)
      	at cucumber.runtime.xstream.LocalizedXStreams.get(LocalizedXStreams.java:29)
      	at cucumber.runtime.StepDefinitionMatch.runStep(StepDefinitionMatch.java:37)
      	at cucumber.runtime.Runtime.runStep(Runtime.java:299)
      	at cucumber.runtime.model.StepContainer.runStep(StepContainer.java:44)
      	at cucumber.runtime.model.StepContainer.runSteps(StepContainer.java:39)
      	at cucumber.runtime.model.CucumberScenario.runBackground(CucumberScenario.java:59)
      	at cucumber.runtime.model.CucumberScenario.run(CucumberScenario.java:42)
      	at cucumber.runtime.model.CucumberScenarioOutline.run(CucumberScenarioOutline.java:46)
      	at cucumber.runtime.model.CucumberFeature.run(CucumberFeature.java:165)
      	at cucumber.api.testng.TestNGCucumberRunner.runCucumber(TestNGCucumberRunner.java:63)
      	at cucumber.api.testng.AbstractTestNGCucumberTests.feature(AbstractTestNGCucumberTests.java:21)
      	at java.base/jdk.internal.reflect.NativeMethodAccessorImpl.invoke0(Native Method)
      	at java.base/jdk.internal.reflect.NativeMethodAccessorImpl.invoke(NativeMethodAccessorImpl.java:77)
      	at java.base/jdk.internal.reflect.DelegatingMethodAccessorImpl.invoke(DelegatingMethodAccessorImpl.java:43)
      	at java.base/java.lang.reflect.Method.invoke(Method.java:568)
      	at org.testng.internal.MethodInvocationHelper.invokeMethod(MethodInvocationHelper.java:80)
      	at org.testng.internal.Invoker.invokeMethod(Invoker.java:714)
      	at org.testng.internal.Invoker.invokeTestMethod(Invoker.java:901)
      	at org.testng.internal.Invoker.invokeTestMethods(Invoker.java:1231)
      	at org.testng.internal.TestMethodWorker.invokeTestMethods(TestMethodWorker.java:127)
      	at org.testng.internal.TestMethodWorker.run(TestMethodWorker.java:111)
      	at org.testng.TestRunner.privateRun(TestRunner.java:767)
      	at org.testng.TestRunner.run(TestRunner.java:617)
      	at org.testng.SuiteRunner.runTest(SuiteRunner.java:334)
      	at org.testng.SuiteRunner.runSequentially(SuiteRunner.java:329)
      	at org.testng.SuiteRunner.privateRun(SuiteRunner.java:291)
      	at org.testng.SuiteRunner.run(SuiteRunner.java:240)
      	at org.testng.SuiteRunnerWorker.runSuite(SuiteRunnerWorker.java:52)
      	at org.testng.SuiteRunnerWorker.run(SuiteRunnerWorker.java:86)
      	at org.testng.TestNG.runSuitesSequentially(TestNG.java:1198)
      	at org.testng.TestNG.runSuitesLocally(TestNG.java:1123)
      	at org.testng.TestNG.run(TestNG.java:1031)
      	at org.apache.maven.surefire.testng.TestNGExecutor.run(TestNGExecutor.java:283)
      	at org.apache.maven.surefire.testng.TestNGXmlTestSuite.execute(TestNGXmlTestSuite.java:75)
      	at org.apache.maven.surefire.testng.TestNGProvider.invoke(TestNGProvider.java:120)
      	at org.apache.maven.surefire.booter.ForkedBooter.invokeProviderInSameClassLoader(ForkedBooter.java:379)
      	at org.apache.maven.surefire.booter.ForkedBooter.runSuitesInProcess(ForkedBooter.java:340)
      	at org.apache.maven.surefire.booter.ForkedBooter.execute(ForkedBooter.java:125)
      	at org.apache.maven.surefire.booter.ForkedBooter.main(ForkedBooter.java:413)
      	at ?.Given Open Ebay Homepage(EbayBrandOutline.feature:7)

>>>>>>>> Screenshot Taken >>>>>>>>
 ------Test Complete, Browser Closed 
--->>>> Initializing Driver....
Test Scenario Name : Filter items by Brand

  @smoke @regression @us-246
  Scenario Outline: Filter items by Brand           # EbayBrandOutline.feature:17
    Given Search for "Shirts"                       # EbayHomePageSteps.search_for(String)
    When Filter by "Adidas"                         # EbaySearchResultSteps.filter_by(String)
    Then Item list should have products of "Adidas" # EbaySearchResultSteps.item_list_should_have_products_of(String)

  Background:                # EbayBrandOutline.feature:6
    Given Open Ebay Homepage # EbayHomePageSteps.open_Ebay_Homepage()
      java.lang.NoClassDefFoundError: Could not initialize class cucumber.deps.com.thoughtworks.xstream.converters.collections.TreeMapConverter
      	at cucumber.deps.com.thoughtworks.xstream.XStream.setupConverters(XStream.java:820)
      	at cucumber.deps.com.thoughtworks.xstream.XStream.<init>(XStream.java:574)
      	at cucumber.deps.com.thoughtworks.xstream.XStream.<init>(XStream.java:530)
      	at cucumber.runtime.xstream.LocalizedXStreams$LocalizedXStream.<init>(LocalizedXStreams.java:50)
      	at cucumber.runtime.xstream.LocalizedXStreams.newXStream(LocalizedXStreams.java:37)
      	at cucumber.runtime.xstream.LocalizedXStreams.get(LocalizedXStreams.java:29)
      	at cucumber.runtime.StepDefinitionMatch.runStep(StepDefinitionMatch.java:37)
      	at cucumber.runtime.Runtime.runStep(Runtime.java:299)
      	at cucumber.runtime.model.StepContainer.runStep(StepContainer.java:44)
      	at cucumber.runtime.model.StepContainer.runSteps(StepContainer.java:39)
      	at cucumber.runtime.model.CucumberScenario.runBackground(CucumberScenario.java:59)
      	at cucumber.runtime.model.CucumberScenario.run(CucumberScenario.java:42)
      	at cucumber.runtime.model.CucumberScenarioOutline.run(CucumberScenarioOutline.java:46)
      	at cucumber.runtime.model.CucumberFeature.run(CucumberFeature.java:165)
      	at cucumber.api.testng.TestNGCucumberRunner.runCucumber(TestNGCucumberRunner.java:63)
      	at cucumber.api.testng.AbstractTestNGCucumberTests.feature(AbstractTestNGCucumberTests.java:21)
      	at java.base/jdk.internal.reflect.NativeMethodAccessorImpl.invoke0(Native Method)
      	at java.base/jdk.internal.reflect.NativeMethodAccessorImpl.invoke(NativeMethodAccessorImpl.java:77)
      	at java.base/jdk.internal.reflect.DelegatingMethodAccessorImpl.invoke(DelegatingMethodAccessorImpl.java:43)
      	at java.base/java.lang.reflect.Method.invoke(Method.java:568)
      	at org.testng.internal.MethodInvocationHelper.invokeMethod(MethodInvocationHelper.java:80)
      	at org.testng.internal.Invoker.invokeMethod(Invoker.java:714)
      	at org.testng.internal.Invoker.invokeTestMethod(Invoker.java:901)
      	at org.testng.internal.Invoker.invokeTestMethods(Invoker.java:1231)
      	at org.testng.internal.TestMethodWorker.invokeTestMethods(TestMethodWorker.java:127)
      	at org.testng.internal.TestMethodWorker.run(TestMethodWorker.java:111)
      	at org.testng.TestRunner.privateRun(TestRunner.java:767)
      	at org.testng.TestRunner.run(TestRunner.java:617)
      	at org.testng.SuiteRunner.runTest(SuiteRunner.java:334)
      	at org.testng.SuiteRunner.runSequentially(SuiteRunner.java:329)
      	at org.testng.SuiteRunner.privateRun(SuiteRunner.java:291)
      	at org.testng.SuiteRunner.run(SuiteRunner.java:240)
      	at org.testng.SuiteRunnerWorker.runSuite(SuiteRunnerWorker.java:52)
      	at org.testng.SuiteRunnerWorker.run(SuiteRunnerWorker.java:86)
      	at org.testng.TestNG.runSuitesSequentially(TestNG.java:1198)
      	at org.testng.TestNG.runSuitesLocally(TestNG.java:1123)
      	at org.testng.TestNG.run(TestNG.java:1031)
      	at org.apache.maven.surefire.testng.TestNGExecutor.run(TestNGExecutor.java:283)
      	at org.apache.maven.surefire.testng.TestNGXmlTestSuite.execute(TestNGXmlTestSuite.java:75)
      	at org.apache.maven.surefire.testng.TestNGProvider.invoke(TestNGProvider.java:120)
      	at org.apache.maven.surefire.booter.ForkedBooter.invokeProviderInSameClassLoader(ForkedBooter.java:379)
      	at org.apache.maven.surefire.booter.ForkedBooter.runSuitesInProcess(ForkedBooter.java:340)
      	at org.apache.maven.surefire.booter.ForkedBooter.execute(ForkedBooter.java:125)
      	at org.apache.maven.surefire.booter.ForkedBooter.main(ForkedBooter.java:413)
      	at ?.Given Open Ebay Homepage(EbayBrandOutline.feature:7)

>>>>>>>> Screenshot Taken >>>>>>>>
 ------Test Complete, Browser Closed 

  @smoke @regression @us-246
  Scenario Outline: Filter items by Brand              # EbayBrandOutline.feature:18
    Given Search for "Pants"                           # EbayHomePageSteps.search_for(String)
    When Filter by "Unbranded"                         # EbaySearchResultSteps.filter_by(String)
    Then Item list should have products of "Unbranded" # EbaySearchResultSteps.item_list_should_have_products_of(String)
]]></system-out>
    <system-err><![CDATA[SLF4J: Failed to load class "org.slf4j.impl.StaticLoggerBinder".
SLF4J: Defaulting to no-operation (NOP) logger implementation
SLF4J: See http://www.slf4j.org/codes.html#StaticLoggerBinder for further details.
Starting ChromeDriver 110.0.5481.77 (65ed616c6e8ee3fe0ad64fe83796c020644d42af-refs/branch-heads/5481@{#839}) on port 33490
Only local connections are allowed.
Please see https://chromedriver.chromium.org/security-considerations for suggestions on keeping ChromeDriver safe.
ChromeDriver was started successfully.
[1677458195.493][WARNING]: virtual void DevToolsClientImpl::AddListener(DevToolsEventListener *) subscribing a listener to the already connected DevToolsClient. Connection notification will not arrive.
Feb 26, 2023 7:36:35 PM org.openqa.selenium.remote.ProtocolHandshake createSession
INFO: Detected dialect: W3C
Starting ChromeDriver 110.0.5481.77 (65ed616c6e8ee3fe0ad64fe83796c020644d42af-refs/branch-heads/5481@{#839}) on port 35372
Only local connections are allowed.
Please see https://chromedriver.chromium.org/security-considerations for suggestions on keeping ChromeDriver safe.
ChromeDriver was started successfully.
[1677458199.045][WARNING]: virtual void DevToolsClientImpl::AddListener(DevToolsEventListener *) subscribing a listener to the already connected DevToolsClient. Connection notification will not arrive.
Feb 26, 2023 7:36:39 PM org.openqa.selenium.remote.ProtocolHandshake createSession
INFO: Detected dialect: W3C
Starting ChromeDriver 110.0.5481.77 (65ed616c6e8ee3fe0ad64fe83796c020644d42af-refs/branch-heads/5481@{#839}) on port 58553
Only local connections are allowed.
Please see https://chromedriver.chromium.org/security-considerations for suggestions on keeping ChromeDriver safe.
ChromeDriver was started successfully.
[1677458201.731][WARNING]: virtual void DevToolsClientImpl::AddListener(DevToolsEventListener *) subscribing a listener to the already connected DevToolsClient. Connection notification will not arrive.
Feb 26, 2023 7:36:41 PM org.openqa.selenium.remote.ProtocolHandshake createSession
INFO: Detected dialect: W3C
]]></system-err>
  </testcase>
  <testcase name="feature" classname="upskill.runners.RunnerClass" time="2.657">
    <failure message="java.lang.NoClassDefFoundError: Could not initialize class cucumber.deps.com.thoughtworks.xstream.converters.collections.TreeMapConverter" type="cucumber.runtime.CucumberException">cucumber.runtime.CucumberException: java.lang.NoClassDefFoundError: Could not initialize class cucumber.deps.com.thoughtworks.xstream.converters.collections.TreeMapConverter
Caused by: java.lang.NoClassDefFoundError: Could not initialize class cucumber.deps.com.thoughtworks.xstream.converters.collections.TreeMapConverter
</failure>
    <system-out><![CDATA[@regression @smoke @us-248
Feature: Ebay Cart Functionality
  
  Description: User should able to add items in cart
--->>>> Initializing Driver....
Test Scenario Name : Ebay cart functionality

  Background:                # EbayCartDropDown.feature:6
    Given Open Ebay Homepage # EbayHomePageSteps.open_Ebay_Homepage()
      java.lang.NoClassDefFoundError: Could not initialize class cucumber.deps.com.thoughtworks.xstream.converters.collections.TreeMapConverter
      	at cucumber.deps.com.thoughtworks.xstream.XStream.setupConverters(XStream.java:820)
      	at cucumber.deps.com.thoughtworks.xstream.XStream.<init>(XStream.java:574)
      	at cucumber.deps.com.thoughtworks.xstream.XStream.<init>(XStream.java:530)
      	at cucumber.runtime.xstream.LocalizedXStreams$LocalizedXStream.<init>(LocalizedXStreams.java:50)
      	at cucumber.runtime.xstream.LocalizedXStreams.newXStream(LocalizedXStreams.java:37)
      	at cucumber.runtime.xstream.LocalizedXStreams.get(LocalizedXStreams.java:29)
      	at cucumber.runtime.StepDefinitionMatch.runStep(StepDefinitionMatch.java:37)
      	at cucumber.runtime.Runtime.runStep(Runtime.java:299)
      	at cucumber.runtime.model.StepContainer.runStep(StepContainer.java:44)
      	at cucumber.runtime.model.StepContainer.runSteps(StepContainer.java:39)
      	at cucumber.runtime.model.CucumberScenario.runBackground(CucumberScenario.java:59)
      	at cucumber.runtime.model.CucumberScenario.run(CucumberScenario.java:42)
      	at cucumber.runtime.model.CucumberFeature.run(CucumberFeature.java:165)
      	at cucumber.api.testng.TestNGCucumberRunner.runCucumber(TestNGCucumberRunner.java:63)
      	at cucumber.api.testng.AbstractTestNGCucumberTests.feature(AbstractTestNGCucumberTests.java:21)
      	at java.base/jdk.internal.reflect.NativeMethodAccessorImpl.invoke0(Native Method)
      	at java.base/jdk.internal.reflect.NativeMethodAccessorImpl.invoke(NativeMethodAccessorImpl.java:77)
      	at java.base/jdk.internal.reflect.DelegatingMethodAccessorImpl.invoke(DelegatingMethodAccessorImpl.java:43)
      	at java.base/java.lang.reflect.Method.invoke(Method.java:568)
      	at org.testng.internal.MethodInvocationHelper.invokeMethod(MethodInvocationHelper.java:80)
      	at org.testng.internal.Invoker.invokeMethod(Invoker.java:714)
      	at org.testng.internal.Invoker.invokeTestMethod(Invoker.java:901)
      	at org.testng.internal.Invoker.invokeTestMethods(Invoker.java:1231)
      	at org.testng.internal.TestMethodWorker.invokeTestMethods(TestMethodWorker.java:127)
      	at org.testng.internal.TestMethodWorker.run(TestMethodWorker.java:111)
      	at org.testng.TestRunner.privateRun(TestRunner.java:767)
      	at org.testng.TestRunner.run(TestRunner.java:617)
      	at org.testng.SuiteRunner.runTest(SuiteRunner.java:334)
      	at org.testng.SuiteRunner.runSequentially(SuiteRunner.java:329)
      	at org.testng.SuiteRunner.privateRun(SuiteRunner.java:291)
      	at org.testng.SuiteRunner.run(SuiteRunner.java:240)
      	at org.testng.SuiteRunnerWorker.runSuite(SuiteRunnerWorker.java:52)
      	at org.testng.SuiteRunnerWorker.run(SuiteRunnerWorker.java:86)
      	at org.testng.TestNG.runSuitesSequentially(TestNG.java:1198)
      	at org.testng.TestNG.runSuitesLocally(TestNG.java:1123)
      	at org.testng.TestNG.run(TestNG.java:1031)
      	at org.apache.maven.surefire.testng.TestNGExecutor.run(TestNGExecutor.java:283)
      	at org.apache.maven.surefire.testng.TestNGXmlTestSuite.execute(TestNGXmlTestSuite.java:75)
      	at org.apache.maven.surefire.testng.TestNGProvider.invoke(TestNGProvider.java:120)
      	at org.apache.maven.surefire.booter.ForkedBooter.invokeProviderInSameClassLoader(ForkedBooter.java:379)
      	at org.apache.maven.surefire.booter.ForkedBooter.runSuitesInProcess(ForkedBooter.java:340)
      	at org.apache.maven.surefire.booter.ForkedBooter.execute(ForkedBooter.java:125)
      	at org.apache.maven.surefire.booter.ForkedBooter.main(ForkedBooter.java:413)
      	at ?.Given Open Ebay Homepage(EbayCartDropDown.feature:7)

>>>>>>>> Screenshot Taken >>>>>>>>
 ------Test Complete, Browser Closed 

  Scenario: Ebay cart functionality          # EbayCartDropDown.feature:9
    Given Search for Shirt
    When Select the first shirt on item list
    And Select Size                          # EbayCartSteps.select_Size()
    And Select Men Size                      # EbayCartSteps.select_Men_Size()
    And Select Shade                         # EbayCartSteps.select_Shade()
    And Select Quantity                      # EbayCartSteps.select_Quantity()
    Then Add to shopping cart
]]></system-out>
    <system-err><![CDATA[Starting ChromeDriver 110.0.5481.77 (65ed616c6e8ee3fe0ad64fe83796c020644d42af-refs/branch-heads/5481@{#839}) on port 40839
Only local connections are allowed.
Please see https://chromedriver.chromium.org/security-considerations for suggestions on keeping ChromeDriver safe.
ChromeDriver was started successfully.
[1677458204.153][WARNING]: virtual void DevToolsClientImpl::AddListener(DevToolsEventListener *) subscribing a listener to the already connected DevToolsClient. Connection notification will not arrive.
Feb 26, 2023 7:36:44 PM org.openqa.selenium.remote.ProtocolHandshake createSession
INFO: Detected dialect: W3C
]]></system-err>
  </testcase>
  <testcase name="feature" classname="upskill.runners.RunnerClass" time="8.024">
    <failure message="java.lang.NoClassDefFoundError: Could not initialize class cucumber.deps.com.thoughtworks.xstream.converters.collections.TreeMapConverter" type="cucumber.runtime.CucumberException">cucumber.runtime.CucumberException: java.lang.NoClassDefFoundError: Could not initialize class cucumber.deps.com.thoughtworks.xstream.converters.collections.TreeMapConverter
Caused by: java.lang.NoClassDefFoundError: Could not initialize class cucumber.deps.com.thoughtworks.xstream.converters.collections.TreeMapConverter
</failure>
    <system-out><![CDATA[@regression @smoke @SKYW-15 @E2E
Feature: Ebay Search Functionality
--->>>> Initializing Driver....
Test Scenario Name : Search for Shoes
>>>>>>>> Screenshot Taken >>>>>>>>
 ------Test Complete, Browser Closed 
--->>>> Initializing Driver....
Test Scenario Name : Search for Pants

  Scenario: Search for Shoes                               # EbaySearch.feature:4
    Given Open Ebay Homepage                               # EbayHomePageSteps.open_Ebay_Homepage()
      java.lang.NoClassDefFoundError: Could not initialize class cucumber.deps.com.thoughtworks.xstream.converters.collections.TreeMapConverter
      	at cucumber.deps.com.thoughtworks.xstream.XStream.setupConverters(XStream.java:820)
      	at cucumber.deps.com.thoughtworks.xstream.XStream.<init>(XStream.java:574)
      	at cucumber.deps.com.thoughtworks.xstream.XStream.<init>(XStream.java:530)
      	at cucumber.runtime.xstream.LocalizedXStreams$LocalizedXStream.<init>(LocalizedXStreams.java:50)
      	at cucumber.runtime.xstream.LocalizedXStreams.newXStream(LocalizedXStreams.java:37)
      	at cucumber.runtime.xstream.LocalizedXStreams.get(LocalizedXStreams.java:29)
      	at cucumber.runtime.StepDefinitionMatch.runStep(StepDefinitionMatch.java:37)
      	at cucumber.runtime.Runtime.runStep(Runtime.java:299)
      	at cucumber.runtime.model.StepContainer.runStep(StepContainer.java:44)
      	at cucumber.runtime.model.StepContainer.runSteps(StepContainer.java:39)
      	at cucumber.runtime.model.CucumberScenario.run(CucumberScenario.java:44)
      	at cucumber.runtime.model.CucumberFeature.run(CucumberFeature.java:165)
      	at cucumber.api.testng.TestNGCucumberRunner.runCucumber(TestNGCucumberRunner.java:63)
      	at cucumber.api.testng.AbstractTestNGCucumberTests.feature(AbstractTestNGCucumberTests.java:21)
      	at java.base/jdk.internal.reflect.NativeMethodAccessorImpl.invoke0(Native Method)
      	at java.base/jdk.internal.reflect.NativeMethodAccessorImpl.invoke(NativeMethodAccessorImpl.java:77)
      	at java.base/jdk.internal.reflect.DelegatingMethodAccessorImpl.invoke(DelegatingMethodAccessorImpl.java:43)
      	at java.base/java.lang.reflect.Method.invoke(Method.java:568)
      	at org.testng.internal.MethodInvocationHelper.invokeMethod(MethodInvocationHelper.java:80)
      	at org.testng.internal.Invoker.invokeMethod(Invoker.java:714)
      	at org.testng.internal.Invoker.invokeTestMethod(Invoker.java:901)
      	at org.testng.internal.Invoker.invokeTestMethods(Invoker.java:1231)
      	at org.testng.internal.TestMethodWorker.invokeTestMethods(TestMethodWorker.java:127)
      	at org.testng.internal.TestMethodWorker.run(TestMethodWorker.java:111)
      	at org.testng.TestRunner.privateRun(TestRunner.java:767)
      	at org.testng.TestRunner.run(TestRunner.java:617)
      	at org.testng.SuiteRunner.runTest(SuiteRunner.java:334)
      	at org.testng.SuiteRunner.runSequentially(SuiteRunner.java:329)
      	at org.testng.SuiteRunner.privateRun(SuiteRunner.java:291)
      	at org.testng.SuiteRunner.run(SuiteRunner.java:240)
      	at org.testng.SuiteRunnerWorker.runSuite(SuiteRunnerWorker.java:52)
      	at org.testng.SuiteRunnerWorker.run(SuiteRunnerWorker.java:86)
      	at org.testng.TestNG.runSuitesSequentially(TestNG.java:1198)
      	at org.testng.TestNG.runSuitesLocally(TestNG.java:1123)
      	at org.testng.TestNG.run(TestNG.java:1031)
      	at org.apache.maven.surefire.testng.TestNGExecutor.run(TestNGExecutor.java:283)
      	at org.apache.maven.surefire.testng.TestNGXmlTestSuite.execute(TestNGXmlTestSuite.java:75)
      	at org.apache.maven.surefire.testng.TestNGProvider.invoke(TestNGProvider.java:120)
      	at org.apache.maven.surefire.booter.ForkedBooter.invokeProviderInSameClassLoader(ForkedBooter.java:379)
      	at org.apache.maven.surefire.booter.ForkedBooter.runSuitesInProcess(ForkedBooter.java:340)
      	at org.apache.maven.surefire.booter.ForkedBooter.execute(ForkedBooter.java:125)
      	at org.apache.maven.surefire.booter.ForkedBooter.main(ForkedBooter.java:413)
      	at ?.Given Open Ebay Homepage(EbaySearch.feature:5)

    When Search for shoes                                  # EbayHomePageSteps.search_for_shoes()
    Then Item list should have only shoes related products # EbaySearchResultSteps.item_list_should_have_only_shoes_related_products()
>>>>>>>> Screenshot Taken >>>>>>>>
 ------Test Complete, Browser Closed 
--->>>> Initializing Driver....
Test Scenario Name : Search for Shirts

  Scenario: Search for Pants                               # EbaySearch.feature:9
    Given Open Ebay Homepage                               # EbayHomePageSteps.open_Ebay_Homepage()
      java.lang.NoClassDefFoundError: Could not initialize class cucumber.deps.com.thoughtworks.xstream.converters.collections.TreeMapConverter
      	at cucumber.deps.com.thoughtworks.xstream.XStream.setupConverters(XStream.java:820)
      	at cucumber.deps.com.thoughtworks.xstream.XStream.<init>(XStream.java:574)
      	at cucumber.deps.com.thoughtworks.xstream.XStream.<init>(XStream.java:530)
      	at cucumber.runtime.xstream.LocalizedXStreams$LocalizedXStream.<init>(LocalizedXStreams.java:50)
      	at cucumber.runtime.xstream.LocalizedXStreams.newXStream(LocalizedXStreams.java:37)
      	at cucumber.runtime.xstream.LocalizedXStreams.get(LocalizedXStreams.java:29)
      	at cucumber.runtime.StepDefinitionMatch.runStep(StepDefinitionMatch.java:37)
      	at cucumber.runtime.Runtime.runStep(Runtime.java:299)
      	at cucumber.runtime.model.StepContainer.runStep(StepContainer.java:44)
      	at cucumber.runtime.model.StepContainer.runSteps(StepContainer.java:39)
      	at cucumber.runtime.model.CucumberScenario.run(CucumberScenario.java:44)
      	at cucumber.runtime.model.CucumberFeature.run(CucumberFeature.java:165)
      	at cucumber.api.testng.TestNGCucumberRunner.runCucumber(TestNGCucumberRunner.java:63)
      	at cucumber.api.testng.AbstractTestNGCucumberTests.feature(AbstractTestNGCucumberTests.java:21)
      	at java.base/jdk.internal.reflect.NativeMethodAccessorImpl.invoke0(Native Method)
      	at java.base/jdk.internal.reflect.NativeMethodAccessorImpl.invoke(NativeMethodAccessorImpl.java:77)
      	at java.base/jdk.internal.reflect.DelegatingMethodAccessorImpl.invoke(DelegatingMethodAccessorImpl.java:43)
      	at java.base/java.lang.reflect.Method.invoke(Method.java:568)
      	at org.testng.internal.MethodInvocationHelper.invokeMethod(MethodInvocationHelper.java:80)
      	at org.testng.internal.Invoker.invokeMethod(Invoker.java:714)
      	at org.testng.internal.Invoker.invokeTestMethod(Invoker.java:901)
      	at org.testng.internal.Invoker.invokeTestMethods(Invoker.java:1231)
      	at org.testng.internal.TestMethodWorker.invokeTestMethods(TestMethodWorker.java:127)
      	at org.testng.internal.TestMethodWorker.run(TestMethodWorker.java:111)
      	at org.testng.TestRunner.privateRun(TestRunner.java:767)
      	at org.testng.TestRunner.run(TestRunner.java:617)
      	at org.testng.SuiteRunner.runTest(SuiteRunner.java:334)
      	at org.testng.SuiteRunner.runSequentially(SuiteRunner.java:329)
      	at org.testng.SuiteRunner.privateRun(SuiteRunner.java:291)
      	at org.testng.SuiteRunner.run(SuiteRunner.java:240)
      	at org.testng.SuiteRunnerWorker.runSuite(SuiteRunnerWorker.java:52)
      	at org.testng.SuiteRunnerWorker.run(SuiteRunnerWorker.java:86)
      	at org.testng.TestNG.runSuitesSequentially(TestNG.java:1198)
      	at org.testng.TestNG.runSuitesLocally(TestNG.java:1123)
      	at org.testng.TestNG.run(TestNG.java:1031)
      	at org.apache.maven.surefire.testng.TestNGExecutor.run(TestNGExecutor.java:283)
      	at org.apache.maven.surefire.testng.TestNGXmlTestSuite.execute(TestNGXmlTestSuite.java:75)
      	at org.apache.maven.surefire.testng.TestNGProvider.invoke(TestNGProvider.java:120)
      	at org.apache.maven.surefire.booter.ForkedBooter.invokeProviderInSameClassLoader(ForkedBooter.java:379)
      	at org.apache.maven.surefire.booter.ForkedBooter.runSuitesInProcess(ForkedBooter.java:340)
      	at org.apache.maven.surefire.booter.ForkedBooter.execute(ForkedBooter.java:125)
      	at org.apache.maven.surefire.booter.ForkedBooter.main(ForkedBooter.java:413)
      	at ?.Given Open Ebay Homepage(EbaySearch.feature:10)

    When Search for Pants                                  # EbayHomePageSteps.search_for_Pants()
    Then Item list should have only Pants related products # EbaySearchResultSteps.item_list_should_have_only_Pants_related_products()
>>>>>>>> Screenshot Taken >>>>>>>>
 ------Test Complete, Browser Closed 

  Scenario: Search for Shirts                               # EbaySearch.feature:14
    Given Open Ebay Homepage                                # EbayHomePageSteps.open_Ebay_Homepage()
      java.lang.NoClassDefFoundError: Could not initialize class cucumber.deps.com.thoughtworks.xstream.converters.collections.TreeMapConverter
      	at cucumber.deps.com.thoughtworks.xstream.XStream.setupConverters(XStream.java:820)
      	at cucumber.deps.com.thoughtworks.xstream.XStream.<init>(XStream.java:574)
      	at cucumber.deps.com.thoughtworks.xstream.XStream.<init>(XStream.java:530)
      	at cucumber.runtime.xstream.LocalizedXStreams$LocalizedXStream.<init>(LocalizedXStreams.java:50)
      	at cucumber.runtime.xstream.LocalizedXStreams.newXStream(LocalizedXStreams.java:37)
      	at cucumber.runtime.xstream.LocalizedXStreams.get(LocalizedXStreams.java:29)
      	at cucumber.runtime.StepDefinitionMatch.runStep(StepDefinitionMatch.java:37)
      	at cucumber.runtime.Runtime.runStep(Runtime.java:299)
      	at cucumber.runtime.model.StepContainer.runStep(StepContainer.java:44)
      	at cucumber.runtime.model.StepContainer.runSteps(StepContainer.java:39)
      	at cucumber.runtime.model.CucumberScenario.run(CucumberScenario.java:44)
      	at cucumber.runtime.model.CucumberFeature.run(CucumberFeature.java:165)
      	at cucumber.api.testng.TestNGCucumberRunner.runCucumber(TestNGCucumberRunner.java:63)
      	at cucumber.api.testng.AbstractTestNGCucumberTests.feature(AbstractTestNGCucumberTests.java:21)
      	at java.base/jdk.internal.reflect.NativeMethodAccessorImpl.invoke0(Native Method)
      	at java.base/jdk.internal.reflect.NativeMethodAccessorImpl.invoke(NativeMethodAccessorImpl.java:77)
      	at java.base/jdk.internal.reflect.DelegatingMethodAccessorImpl.invoke(DelegatingMethodAccessorImpl.java:43)
      	at java.base/java.lang.reflect.Method.invoke(Method.java:568)
      	at org.testng.internal.MethodInvocationHelper.invokeMethod(MethodInvocationHelper.java:80)
      	at org.testng.internal.Invoker.invokeMethod(Invoker.java:714)
      	at org.testng.internal.Invoker.invokeTestMethod(Invoker.java:901)
      	at org.testng.internal.Invoker.invokeTestMethods(Invoker.java:1231)
      	at org.testng.internal.TestMethodWorker.invokeTestMethods(TestMethodWorker.java:127)
      	at org.testng.internal.TestMethodWorker.run(TestMethodWorker.java:111)
      	at org.testng.TestRunner.privateRun(TestRunner.java:767)
      	at org.testng.TestRunner.run(TestRunner.java:617)
      	at org.testng.SuiteRunner.runTest(SuiteRunner.java:334)
      	at org.testng.SuiteRunner.runSequentially(SuiteRunner.java:329)
      	at org.testng.SuiteRunner.privateRun(SuiteRunner.java:291)
      	at org.testng.SuiteRunner.run(SuiteRunner.java:240)
      	at org.testng.SuiteRunnerWorker.runSuite(SuiteRunnerWorker.java:52)
      	at org.testng.SuiteRunnerWorker.run(SuiteRunnerWorker.java:86)
      	at org.testng.TestNG.runSuitesSequentially(TestNG.java:1198)
      	at org.testng.TestNG.runSuitesLocally(TestNG.java:1123)
      	at org.testng.TestNG.run(TestNG.java:1031)
      	at org.apache.maven.surefire.testng.TestNGExecutor.run(TestNGExecutor.java:283)
      	at org.apache.maven.surefire.testng.TestNGXmlTestSuite.execute(TestNGXmlTestSuite.java:75)
      	at org.apache.maven.surefire.testng.TestNGProvider.invoke(TestNGProvider.java:120)
      	at org.apache.maven.surefire.booter.ForkedBooter.invokeProviderInSameClassLoader(ForkedBooter.java:379)
      	at org.apache.maven.surefire.booter.ForkedBooter.runSuitesInProcess(ForkedBooter.java:340)
      	at org.apache.maven.surefire.booter.ForkedBooter.execute(ForkedBooter.java:125)
      	at org.apache.maven.surefire.booter.ForkedBooter.main(ForkedBooter.java:413)
      	at ?.Given Open Ebay Homepage(EbaySearch.feature:15)

    When Search for Shirts                                  # EbayHomePageSteps.search_for_Shirts()
    Then Item list should have only Shirts related products # EbaySearchResultSteps.item_list_should_have_only_Shirts_related_products()
]]></system-out>
    <system-err><![CDATA[Starting ChromeDriver 110.0.5481.77 (65ed616c6e8ee3fe0ad64fe83796c020644d42af-refs/branch-heads/5481@{#839}) on port 8509
Only local connections are allowed.
Please see https://chromedriver.chromium.org/security-considerations for suggestions on keeping ChromeDriver safe.
ChromeDriver was started successfully.
[1677458206.816][WARNING]: virtual void DevToolsClientImpl::AddListener(DevToolsEventListener *) subscribing a listener to the already connected DevToolsClient. Connection notification will not arrive.
Feb 26, 2023 7:36:46 PM org.openqa.selenium.remote.ProtocolHandshake createSession
INFO: Detected dialect: W3C
Starting ChromeDriver 110.0.5481.77 (65ed616c6e8ee3fe0ad64fe83796c020644d42af-refs/branch-heads/5481@{#839}) on port 42346
Only local connections are allowed.
Please see https://chromedriver.chromium.org/security-considerations for suggestions on keeping ChromeDriver safe.
ChromeDriver was started successfully.
[1677458209.571][WARNING]: virtual void DevToolsClientImpl::AddListener(DevToolsEventListener *) subscribing a listener to the already connected DevToolsClient. Connection notification will not arrive.
Feb 26, 2023 7:36:49 PM org.openqa.selenium.remote.ProtocolHandshake createSession
INFO: Detected dialect: W3C
[1677458211.365][SEVERE]: Unable to receive message from renderer
Starting ChromeDriver 110.0.5481.77 (65ed616c6e8ee3fe0ad64fe83796c020644d42af-refs/branch-heads/5481@{#839}) on port 18069
Only local connections are allowed.
Please see https://chromedriver.chromium.org/security-considerations for suggestions on keeping ChromeDriver safe.
ChromeDriver was started successfully.
[1677458212.197][WARNING]: virtual void DevToolsClientImpl::AddListener(DevToolsEventListener *) subscribing a listener to the already connected DevToolsClient. Connection notification will not arrive.
Feb 26, 2023 7:36:52 PM org.openqa.selenium.remote.ProtocolHandshake createSession
INFO: Detected dialect: W3C
[1677458214.004][SEVERE]: Unable to receive message from renderer
]]></system-err>
  </testcase>
  <testcase name="feature" classname="upskill.runners.RunnerClass" time="2.597">
    <failure message="java.lang.NoClassDefFoundError: Could not initialize class cucumber.deps.com.thoughtworks.xstream.converters.collections.TreeMapConverter" type="cucumber.runtime.CucumberException">cucumber.runtime.CucumberException: java.lang.NoClassDefFoundError: Could not initialize class cucumber.deps.com.thoughtworks.xstream.converters.collections.TreeMapConverter
Caused by: java.lang.NoClassDefFoundError: Could not initialize class cucumber.deps.com.thoughtworks.xstream.converters.collections.TreeMapConverter
</failure>
    <system-out><![CDATA[@regression
Feature: Ebay Summary Mousehover
--->>>> Initializing Driver....
Test Scenario Name : Ebay Summary Mousehover
>>>>>>>> Screenshot Taken >>>>>>>>
 ------Test Complete, Browser Closed 

  Scenario: Ebay Summary Mousehover    # EbaySummaryMouseHover.feature:4
    Given Open Ebay Homepage           # EbayHomePageSteps.open_Ebay_Homepage()
      java.lang.NoClassDefFoundError: Could not initialize class cucumber.deps.com.thoughtworks.xstream.converters.collections.TreeMapConverter
      	at cucumber.deps.com.thoughtworks.xstream.XStream.setupConverters(XStream.java:820)
      	at cucumber.deps.com.thoughtworks.xstream.XStream.<init>(XStream.java:574)
      	at cucumber.deps.com.thoughtworks.xstream.XStream.<init>(XStream.java:530)
      	at cucumber.runtime.xstream.LocalizedXStreams$LocalizedXStream.<init>(LocalizedXStreams.java:50)
      	at cucumber.runtime.xstream.LocalizedXStreams.newXStream(LocalizedXStreams.java:37)
      	at cucumber.runtime.xstream.LocalizedXStreams.get(LocalizedXStreams.java:29)
      	at cucumber.runtime.StepDefinitionMatch.runStep(StepDefinitionMatch.java:37)
      	at cucumber.runtime.Runtime.runStep(Runtime.java:299)
      	at cucumber.runtime.model.StepContainer.runStep(StepContainer.java:44)
      	at cucumber.runtime.model.StepContainer.runSteps(StepContainer.java:39)
      	at cucumber.runtime.model.CucumberScenario.run(CucumberScenario.java:44)
      	at cucumber.runtime.model.CucumberFeature.run(CucumberFeature.java:165)
      	at cucumber.api.testng.TestNGCucumberRunner.runCucumber(TestNGCucumberRunner.java:63)
      	at cucumber.api.testng.AbstractTestNGCucumberTests.feature(AbstractTestNGCucumberTests.java:21)
      	at java.base/jdk.internal.reflect.NativeMethodAccessorImpl.invoke0(Native Method)
      	at java.base/jdk.internal.reflect.NativeMethodAccessorImpl.invoke(NativeMethodAccessorImpl.java:77)
      	at java.base/jdk.internal.reflect.DelegatingMethodAccessorImpl.invoke(DelegatingMethodAccessorImpl.java:43)
      	at java.base/java.lang.reflect.Method.invoke(Method.java:568)
      	at org.testng.internal.MethodInvocationHelper.invokeMethod(MethodInvocationHelper.java:80)
      	at org.testng.internal.Invoker.invokeMethod(Invoker.java:714)
      	at org.testng.internal.Invoker.invokeTestMethod(Invoker.java:901)
      	at org.testng.internal.Invoker.invokeTestMethods(Invoker.java:1231)
      	at org.testng.internal.TestMethodWorker.invokeTestMethods(TestMethodWorker.java:127)
      	at org.testng.internal.TestMethodWorker.run(TestMethodWorker.java:111)
      	at org.testng.TestRunner.privateRun(TestRunner.java:767)
      	at org.testng.TestRunner.run(TestRunner.java:617)
      	at org.testng.SuiteRunner.runTest(SuiteRunner.java:334)
      	at org.testng.SuiteRunner.runSequentially(SuiteRunner.java:329)
      	at org.testng.SuiteRunner.privateRun(SuiteRunner.java:291)
      	at org.testng.SuiteRunner.run(SuiteRunner.java:240)
      	at org.testng.SuiteRunnerWorker.runSuite(SuiteRunnerWorker.java:52)
      	at org.testng.SuiteRunnerWorker.run(SuiteRunnerWorker.java:86)
      	at org.testng.TestNG.runSuitesSequentially(TestNG.java:1198)
      	at org.testng.TestNG.runSuitesLocally(TestNG.java:1123)
      	at org.testng.TestNG.run(TestNG.java:1031)
      	at org.apache.maven.surefire.testng.TestNGExecutor.run(TestNGExecutor.java:283)
      	at org.apache.maven.surefire.testng.TestNGXmlTestSuite.execute(TestNGXmlTestSuite.java:75)
      	at org.apache.maven.surefire.testng.TestNGProvider.invoke(TestNGProvider.java:120)
      	at org.apache.maven.surefire.booter.ForkedBooter.invokeProviderInSameClassLoader(ForkedBooter.java:379)
      	at org.apache.maven.surefire.booter.ForkedBooter.runSuitesInProcess(ForkedBooter.java:340)
      	at org.apache.maven.surefire.booter.ForkedBooter.execute(ForkedBooter.java:125)
      	at org.apache.maven.surefire.booter.ForkedBooter.main(ForkedBooter.java:413)
      	at ?.Given Open Ebay Homepage(EbaySummaryMouseHover.feature:5)

    When Mouse Hover to MyEbay Summary # EbayHomePageSteps.mouse_Hover_to_MyEbay_Summary()
    Then Click on Summary              # EbayHomePageSteps.click_on_Summary()
]]></system-out>
    <system-err><![CDATA[Starting ChromeDriver 110.0.5481.77 (65ed616c6e8ee3fe0ad64fe83796c020644d42af-refs/branch-heads/5481@{#839}) on port 46181
Only local connections are allowed.
Please see https://chromedriver.chromium.org/security-considerations for suggestions on keeping ChromeDriver safe.
ChromeDriver was started successfully.
[1677458214.833][WARNING]: virtual void DevToolsClientImpl::AddListener(DevToolsEventListener *) subscribing a listener to the already connected DevToolsClient. Connection notification will not arrive.
Feb 26, 2023 7:36:54 PM org.openqa.selenium.remote.ProtocolHandshake createSession
INFO: Detected dialect: W3C
]]></system-err>
  </testcase>
  <testcase name="feature" classname="upskill.runners.RunnerClass" time="2.45">
    <failure message="java.lang.NoClassDefFoundError: Could not initialize class cucumber.deps.com.thoughtworks.xstream.converters.collections.TreeMapConverter" type="cucumber.runtime.CucumberException">cucumber.runtime.CucumberException: java.lang.NoClassDefFoundError: Could not initialize class cucumber.deps.com.thoughtworks.xstream.converters.collections.TreeMapConverter
Caused by: java.lang.NoClassDefFoundError: Could not initialize class cucumber.deps.com.thoughtworks.xstream.converters.collections.TreeMapConverter
</failure>
    <system-out><![CDATA[@regression @smoke @SKYW-20 @E2E
Feature: Rahul Shetty iframe practice
--->>>> Initializing Driver....
Test Scenario Name : Iframe Practice
>>>>>>>> Screenshot Taken >>>>>>>>
 ------Test Complete, Browser Closed 

  Scenario: Iframe Practice               # Shettyiframe.feature:4
    Given Open Shetty Homepage            # ShettyHomePageSteps.open_Shetty_Homepage()
      java.lang.NoClassDefFoundError: Could not initialize class cucumber.deps.com.thoughtworks.xstream.converters.collections.TreeMapConverter
      	at cucumber.deps.com.thoughtworks.xstream.XStream.setupConverters(XStream.java:820)
      	at cucumber.deps.com.thoughtworks.xstream.XStream.<init>(XStream.java:574)
      	at cucumber.deps.com.thoughtworks.xstream.XStream.<init>(XStream.java:530)
      	at cucumber.runtime.xstream.LocalizedXStreams$LocalizedXStream.<init>(LocalizedXStreams.java:50)
      	at cucumber.runtime.xstream.LocalizedXStreams.newXStream(LocalizedXStreams.java:37)
      	at cucumber.runtime.xstream.LocalizedXStreams.get(LocalizedXStreams.java:29)
      	at cucumber.runtime.StepDefinitionMatch.runStep(StepDefinitionMatch.java:37)
      	at cucumber.runtime.Runtime.runStep(Runtime.java:299)
      	at cucumber.runtime.model.StepContainer.runStep(StepContainer.java:44)
      	at cucumber.runtime.model.StepContainer.runSteps(StepContainer.java:39)
      	at cucumber.runtime.model.CucumberScenario.run(CucumberScenario.java:44)
      	at cucumber.runtime.model.CucumberFeature.run(CucumberFeature.java:165)
      	at cucumber.api.testng.TestNGCucumberRunner.runCucumber(TestNGCucumberRunner.java:63)
      	at cucumber.api.testng.AbstractTestNGCucumberTests.feature(AbstractTestNGCucumberTests.java:21)
      	at java.base/jdk.internal.reflect.NativeMethodAccessorImpl.invoke0(Native Method)
      	at java.base/jdk.internal.reflect.NativeMethodAccessorImpl.invoke(NativeMethodAccessorImpl.java:77)
      	at java.base/jdk.internal.reflect.DelegatingMethodAccessorImpl.invoke(DelegatingMethodAccessorImpl.java:43)
      	at java.base/java.lang.reflect.Method.invoke(Method.java:568)
      	at org.testng.internal.MethodInvocationHelper.invokeMethod(MethodInvocationHelper.java:80)
      	at org.testng.internal.Invoker.invokeMethod(Invoker.java:714)
      	at org.testng.internal.Invoker.invokeTestMethod(Invoker.java:901)
      	at org.testng.internal.Invoker.invokeTestMethods(Invoker.java:1231)
      	at org.testng.internal.TestMethodWorker.invokeTestMethods(TestMethodWorker.java:127)
      	at org.testng.internal.TestMethodWorker.run(TestMethodWorker.java:111)
      	at org.testng.TestRunner.privateRun(TestRunner.java:767)
      	at org.testng.TestRunner.run(TestRunner.java:617)
      	at org.testng.SuiteRunner.runTest(SuiteRunner.java:334)
      	at org.testng.SuiteRunner.runSequentially(SuiteRunner.java:329)
      	at org.testng.SuiteRunner.privateRun(SuiteRunner.java:291)
      	at org.testng.SuiteRunner.run(SuiteRunner.java:240)
      	at org.testng.SuiteRunnerWorker.runSuite(SuiteRunnerWorker.java:52)
      	at org.testng.SuiteRunnerWorker.run(SuiteRunnerWorker.java:86)
      	at org.testng.TestNG.runSuitesSequentially(TestNG.java:1198)
      	at org.testng.TestNG.runSuitesLocally(TestNG.java:1123)
      	at org.testng.TestNG.run(TestNG.java:1031)
      	at org.apache.maven.surefire.testng.TestNGExecutor.run(TestNGExecutor.java:283)
      	at org.apache.maven.surefire.testng.TestNGXmlTestSuite.execute(TestNGXmlTestSuite.java:75)
      	at org.apache.maven.surefire.testng.TestNGProvider.invoke(TestNGProvider.java:120)
      	at org.apache.maven.surefire.booter.ForkedBooter.invokeProviderInSameClassLoader(ForkedBooter.java:379)
      	at org.apache.maven.surefire.booter.ForkedBooter.runSuitesInProcess(ForkedBooter.java:340)
      	at org.apache.maven.surefire.booter.ForkedBooter.execute(ForkedBooter.java:125)
      	at org.apache.maven.surefire.booter.ForkedBooter.main(ForkedBooter.java:413)
      	at ?.Given Open Shetty Homepage(Shettyiframe.feature:5)

    When Click on iFrame Home             # ShettyHomePageSteps.click_on_iFrame_Home()
    Then It should reload iframe homepage # ShettyHomePageSteps.it_should_reload_iframe_homepage()
]]></system-out>
    <system-err><![CDATA[Starting ChromeDriver 110.0.5481.77 (65ed616c6e8ee3fe0ad64fe83796c020644d42af-refs/branch-heads/5481@{#839}) on port 12634
Only local connections are allowed.
Please see https://chromedriver.chromium.org/security-considerations for suggestions on keeping ChromeDriver safe.
ChromeDriver was started successfully.
[1677458217.399][WARNING]: virtual void DevToolsClientImpl::AddListener(DevToolsEventListener *) subscribing a listener to the already connected DevToolsClient. Connection notification will not arrive.
Feb 26, 2023 7:36:57 PM org.openqa.selenium.remote.ProtocolHandshake createSession
INFO: Detected dialect: W3C
]]></system-err>
  </testcase>
</testsuite>